<?xml version="1.0" encoding="UTF-8"?>
<!-- Generated by org.testng.reporters.JUnitXMLReporter -->
<testsuite hostname="unknownNet.local" name="Huawei MediaPad 7" tests="6" failures="1" timestamp="10 Mar 2015 06:19:28 GMT" time="8.59" errors="0">
  <testcase name="beforeTest" time="8.329" classname="com.mAqua.Scripts.Sprints.Beforesuit">
    <failure type="java.lang.NullPointerException">
      <![CDATA[java.lang.NullPointerException
	at com.mAqua.Setup.ToolInvoke.EnviornmentSetup.deviceEnviornmentSetup(EnviornmentSetup.java:43)
	at com.mAqua.Scripts.Sprints.Beforesuit.beforeTest(Unknown Source)
... Removed 24 stack frames]]>
    </failure>
  </testcase> <!-- beforeTest -->
  <testcase name="addLocation" time="0.077" classname="com.mAqua.Scripts.Sprints.Sprint3"/>
  <testcase name="ForgotPassword" time="0.06" classname="com.mAqua.Scripts.Sprints.Sprint3"/>
  <testcase name="Login" time="0.045" classname="com.mAqua.Scripts.Sprints.Sprint2"/>
  <testcase name="addPassword" time="0.047" classname="com.mAqua.Scripts.Sprints.Sprint2"/>
  <testcase name="afterTest" time="0.011" classname="com.mAqua.Scripts.Sprints.AfterSuit"/>
</testsuite> <!-- Huawei MediaPad 7 -->
