<?xml version="1.0" encoding="UTF-8"?>
<!-- Generated by org.testng.reporters.JUnitXMLReporter -->
<testsuite hostname="unknownNet.local" name="Huawei Honor X1" tests="6" failures="1" timestamp="10 Mar 2015 06:19:31 GMT" time="3.223" errors="0">
  <testcase name="beforeTest" time="2.897" classname="com.mAqua.Scripts.Sprints.Beforesuit">
    <failure type="java.lang.NullPointerException">
      <![CDATA[java.lang.NullPointerException
	at com.mAqua.Setup.ToolInvoke.EnviornmentSetup.deviceEnviornmentSetup(EnviornmentSetup.java:43)
	at com.mAqua.Scripts.Sprints.Beforesuit.beforeTest(Unknown Source)
... Removed 24 stack frames]]>
    </failure>
  </testcase> <!-- beforeTest -->
  <testcase name="addLocation" time="0.049" classname="com.mAqua.Scripts.Sprints.Sprint3"/>
  <testcase name="ForgotPassword" time="0.063" classname="com.mAqua.Scripts.Sprints.Sprint3"/>
  <testcase name="Login" time="0.135" classname="com.mAqua.Scripts.Sprints.Sprint2"/>
  <testcase name="addPassword" time="0.059" classname="com.mAqua.Scripts.Sprints.Sprint2"/>
  <testcase name="afterTest" time="0.008" classname="com.mAqua.Scripts.Sprints.AfterSuit"/>
</testsuite> <!-- Huawei Honor X1 -->
