<?xml version="1.0" encoding="UTF-8"?>
<!-- Generated by org.testng.reporters.JUnitXMLReporter -->
<testsuite hostname="unknownNet.local" name="Huawei Honor T1" tests="4" failures="1" timestamp="10 Mar 2015 12:22:06 GMT" time="2.283" errors="0">
  <testcase name="beforeTest" time="0.013" classname="com.mAqua.Scripts.Sprints.Beforesuit">
    <failure type="java.lang.NullPointerException">
      <![CDATA[java.lang.NullPointerException
	at com.mAqua.Setup.ToolInvoke.LaunchReqEnv.startdevice(Unknown Source)
	at com.mAqua.Setup.ToolInvoke.AndroidSetup.<init>(Unknown Source)
	at com.mAqua.Setup.ToolInvoke.EnviornmentSetup.deviceEnviornmentSetup(Unknown Source)
	at com.mAqua.Scripts.Sprints.Beforesuit.beforeTest(Unknown Source)
... Removed 23 stack frames]]>
    </failure>
  </testcase> <!-- beforeTest -->
  <testcase name="addLocation" time="1.128" classname="com.mAqua.Scripts.Sprints.Sprint3"/>
  <testcase name="ForgotPassword" time="1.119" classname="com.mAqua.Scripts.Sprints.Sprint3"/>
  <testcase name="afterTest" time="0.016" classname="com.mAqua.Scripts.Sprints.AfterSuit"/>
</testsuite> <!-- Huawei Honor T1 -->
