<?xml version="1.0" encoding="UTF-8"?>
<!-- Generated by org.testng.reporters.JUnitXMLReporter -->
<testsuite hostname="unknownNet.local" name="iPhone 5S" tests="6" failures="1" timestamp="10 Mar 2015 09:25:25 GMT" time="44.862" errors="0">
  <testcase name="beforeTest" time="39.748" classname="com.mAqua.Scripts.Sprints.Beforesuit">
    <failure type="java.lang.NoSuchMethodError" message="org.openqa.selenium.remote.ErrorHandler.&amp;lt;init&amp;gt;(Lorg/openqa/selenium/remote/ErrorCodes;Z)V">
      <![CDATA[java.lang.NoSuchMethodError: org.openqa.selenium.remote.ErrorHandler.<init>(Lorg/openqa/selenium/remote/ErrorCodes;Z)V
	at io.appium.java_client.AppiumDriver.<clinit>(AppiumDriver.java:41)
	at com.mAqua.Setup.ToolInvoke.iOSSetup.<init>(iOSSetup.java:50)
	at com.mAqua.Setup.ToolInvoke.EnviornmentSetup.deviceEnviornmentSetup(EnviornmentSetup.java:49)
	at com.mAqua.Scripts.Sprints.Beforesuit.beforeTest(Beforesuit.java:18)
... Removed 24 stack frames]]>
    </failure>
  </testcase> <!-- beforeTest -->
  <testcase name="addLocation" time="1.504" classname="com.mAqua.Scripts.Sprints.Sprint3"/>
  <testcase name="ForgotPassword" time="1.221" classname="com.mAqua.Scripts.Sprints.Sprint3"/>
  <testcase name="Login" time="1.147" classname="com.mAqua.Scripts.Sprints.Sprint2"/>
  <testcase name="addPassword" time="1.11" classname="com.mAqua.Scripts.Sprints.Sprint2"/>
  <testcase name="afterTest" time="0.066" classname="com.mAqua.Scripts.Sprints.AfterSuit"/>
</testsuite> <!-- iPhone 5S -->
