<?xml version="1.0" encoding="UTF-8"?>
<!-- Generated by org.testng.reporters.JUnitXMLReporter -->
<testsuite hostname="unknownNet.local" name="iPhone 6 plus" tests="4" failures="2" timestamp="11 Mar 2015 17:04:41 GMT" time="13.879" errors="0">
  <testcase name="beforeTest" time="0.035" classname="com.mAqua.Scripts.Sprints.Beforesuit">
    <failure type="java.lang.NullPointerException">
      <![CDATA[java.lang.NullPointerException
	at com.mAqua.Setup.ToolInvoke.EnviornmentSetup.deviceEnviornmentSetup(Unknown Source)
	at com.mAqua.Scripts.Sprints.Beforesuit.beforeTest(Unknown Source)
... Removed 23 stack frames]]>
    </failure>
  </testcase> <!-- beforeTest -->
  <testcase name="addLocation" time="0.136" classname="com.mAqua.Scripts.Sprints.Sprint3"/>
  <testcase name="ForgotPassword" time="13.659" classname="com.mAqua.Scripts.Sprints.Sprint3"/>
  <testcase name="afterTest" time="0.041" classname="com.mAqua.Scripts.Sprints.AfterSuit">
    <failure type="java.lang.NullPointerException">
      <![CDATA[java.lang.NullPointerException
	at com.mAqua.Scripts.Sprints.AfterSuit.afterTest(Unknown Source)
... Removed 23 stack frames]]>
    </failure>
  </testcase> <!-- afterTest -->
</testsuite> <!-- iPhone 6 plus -->
