<?xml version="1.0" encoding="UTF-8"?>
<!-- Generated by org.testng.reporters.JUnitXMLReporter -->
<testsuite hostname="unknownNet.local" name="Moto E" tests="4" failures="4" timestamp="12 Mar 2015 04:46:15 GMT" time="148.221" errors="0">
  <testcase name="beforeTest" time="127.805" classname="com.mAqua.Scripts.Sprints.Beforesuit">
    <failure type="org.openqa.selenium.SessionNotCreatedException" message="A new session could not be created. (Original error: Emulator is not ready.) (WARNING: The server did not provide any stacktrace information)
Command duration or timeout: 126.54 seconds
Build info: version: &amp;apos;2.39.0&amp;apos;, revision: &amp;apos;ff23eac&amp;apos;, time: &amp;apos;2013-12-16 16:12:12&amp;apos;
System info: host: &amp;apos;unknownNet.local&amp;apos;, ip: &amp;apos;192.168.0.25&amp;apos;, os.name: &amp;apos;Mac OS X&amp;apos;, os.arch: &amp;apos;x86_64&amp;apos;, os.version: &amp;apos;10.9.5&amp;apos;, java.version: &amp;apos;1.7.0_67&amp;apos;
Driver info: org.openqa.selenium.remote.RemoteWebDriver">
      <![CDATA[org.openqa.selenium.SessionNotCreatedException: A new session could not be created. (Original error: Emulator is not ready.) (WARNING: The server did not provide any stacktrace information)
Command duration or timeout: 126.54 seconds
Build info: version: '2.39.0', revision: 'ff23eac', time: '2013-12-16 16:12:12'
System info: host: 'unknownNet.local', ip: '192.168.0.25', os.name: 'Mac OS X', os.arch: 'x86_64', os.version: '10.9.5', java.version: '1.7.0_67'
Driver info: org.openqa.selenium.remote.RemoteWebDriver
	at org.openqa.selenium.remote.ErrorHandler.createThrowable(ErrorHandler.java:193)
	at org.openqa.selenium.remote.ErrorHandler.throwIfResponseFailed(ErrorHandler.java:145)
	at org.openqa.selenium.remote.RemoteWebDriver.execute(RemoteWebDriver.java:554)
	at org.openqa.selenium.remote.RemoteWebDriver.startSession(RemoteWebDriver.java:216)
	at org.openqa.selenium.remote.RemoteWebDriver.<init>(RemoteWebDriver.java:111)
	at org.openqa.selenium.remote.RemoteWebDriver.<init>(RemoteWebDriver.java:129)
	at com.mAqua.Setup.ToolInvoke.AndroidSetup.<init>(Unknown Source)
	at com.mAqua.Setup.ToolInvoke.EnviornmentSetup.deviceEnviornmentSetup(Unknown Source)
	at com.mAqua.Scripts.Sprints.Beforesuit.beforeTest(Unknown Source)
... Removed 27 stack frames]]>
    </failure>
  </testcase> <!-- beforeTest -->
  <testcase name="addLocation" time="9.99" classname="com.mAqua.Scripts.Sprints.Sprint3">
    <failure type="java.lang.NullPointerException">
      <![CDATA[java.lang.NullPointerException
	at com.mAqua.Utilities.DBTestSummary.setStepDBReport(Unknown Source)
	at com.mAqua.Reporter.Faulttolerence.ExecuteSteps(Unknown Source)
	at com.mAqua.Scripts.TestInstance.WJIV_3326_ResetPasswordTestInstance.<init>(Unknown Source)
	at com.mAqua.Scripts.Sprints.Sprint3.addLocation(Unknown Source)
... Removed 23 stack frames]]>
    </failure>
  </testcase> <!-- addLocation -->
  <testcase name="ForgotPassword" time="9.308" classname="com.mAqua.Scripts.Sprints.Sprint3">
    <failure type="java.lang.NullPointerException">
      <![CDATA[java.lang.NullPointerException
	at com.mAqua.Utilities.DBTestSummary.setStepDBReport(Unknown Source)
	at com.mAqua.Reporter.Faulttolerence.ExecuteSteps(Unknown Source)
	at com.mAqua.Scripts.TestInstance.WJIV_3326_ResetPasswordTestInstance.<init>(Unknown Source)
	at com.mAqua.Scripts.Sprints.Sprint3.ForgotPassword(Unknown Source)
... Removed 23 stack frames]]>
    </failure>
  </testcase> <!-- ForgotPassword -->
  <testcase name="afterTest" time="1.097" classname="com.mAqua.Scripts.Sprints.AfterSuit">
    <failure type="java.lang.NullPointerException">
      <![CDATA[java.lang.NullPointerException
	at com.mAqua.Scripts.Sprints.AfterSuit.afterTest(Unknown Source)
... Removed 23 stack frames]]>
    </failure>
  </testcase> <!-- afterTest -->
</testsuite> <!-- Moto E -->
