<?xml version="1.0" encoding="UTF-8"?>
<!-- Generated by org.testng.reporters.JUnitXMLReporter -->
<testsuite hostname="unknownNet.local" name="Samsung Galaxy Tab 3" tests="6" failures="1" timestamp="10 Mar 2015 06:19:19 GMT" time="193.614" errors="0">
  <testcase name="beforeTest" time="188.425" classname="com.mAqua.Scripts.Sprints.Beforesuit">
    <failure type="java.lang.NoSuchMethodError" message="org.openqa.selenium.remote.ErrorHandler.&amp;lt;init&amp;gt;(Lorg/openqa/selenium/remote/ErrorCodes;Z)V">
      <![CDATA[java.lang.NoSuchMethodError: org.openqa.selenium.remote.ErrorHandler.<init>(Lorg/openqa/selenium/remote/ErrorCodes;Z)V
	at io.appium.java_client.AppiumDriver.<clinit>(AppiumDriver.java:41)
	at com.mAqua.Setup.ToolInvoke.AndroidSetup.<init>(AndroidSetup.java:70)
	at com.mAqua.Setup.ToolInvoke.EnviornmentSetup.deviceEnviornmentSetup(EnviornmentSetup.java:45)
	at com.mAqua.Scripts.Sprints.Beforesuit.beforeTest(Unknown Source)
... Removed 24 stack frames]]>
    </failure>
  </testcase> <!-- beforeTest -->
  <testcase name="addLocation" time="1.609" classname="com.mAqua.Scripts.Sprints.Sprint3"/>
  <testcase name="ForgotPassword" time="1.157" classname="com.mAqua.Scripts.Sprints.Sprint3"/>
  <testcase name="Login" time="1.166" classname="com.mAqua.Scripts.Sprints.Sprint2"/>
  <testcase name="addPassword" time="1.157" classname="com.mAqua.Scripts.Sprints.Sprint2"/>
  <testcase name="afterTest" time="0.05" classname="com.mAqua.Scripts.Sprints.AfterSuit"/>
</testsuite> <!-- Samsung Galaxy Tab 3 -->
