<?xml version="1.0" encoding="UTF-8"?>
<!-- Generated by org.testng.reporters.JUnitXMLReporter -->
<testsuite hostname="unknownNet.local" name="Sony Experia C3" tests="6" failures="1" timestamp="9 Mar 2015 12:04:18 GMT" time="4.701" errors="0">
  <testcase name="beforeTest" time="0.03" classname="com.mAqua.Scripts.Sprints.Beforesuit">
    <failure type="java.lang.NoClassDefFoundError" message="Could not initialize class io.appium.java_client.AppiumDriver">
      <![CDATA[java.lang.NoClassDefFoundError: Could not initialize class io.appium.java_client.AppiumDriver
	at com.mAqua.Setup.ToolInvoke.AndroidSetup.<init>(Unknown Source)
	at com.mAqua.Setup.ToolInvoke.EnviornmentSetup.deviceEnviornmentSetup(Unknown Source)
	at com.mAqua.Scripts.Sprints.Beforesuit.beforeTest(Unknown Source)
... Removed 23 stack frames]]>
    </failure>
  </testcase> <!-- beforeTest -->
  <testcase name="addLocation" time="1.151" classname="com.mAqua.Scripts.Sprints.Sprint3"/>
  <testcase name="ForgotPassword" time="1.199" classname="com.mAqua.Scripts.Sprints.Sprint3"/>
  <testcase name="Login" time="1.221" classname="com.mAqua.Scripts.Sprints.Sprint2"/>
  <testcase name="addPassword" time="1.086" classname="com.mAqua.Scripts.Sprints.Sprint2"/>
  <testcase name="afterTest" time="0.011" classname="com.mAqua.Scripts.Sprints.AfterSuit"/>
</testsuite> <!-- Sony Experia C3 -->
