<?xml version="1.0" encoding="UTF-8"?>
<!-- Generated by org.testng.reporters.JUnitXMLReporter -->
<testsuite hostname="unknownNet.local" name="Test5" tests="6" failures="1" timestamp="9 Mar 2015 09:00:45 GMT" time="0.214" errors="0">
  <testcase name="beforeTest" time="0.008" classname="com.mAqua.Scripts.Sprints.Beforesuit">
    <failure type="java.lang.NullPointerException">
      <![CDATA[java.lang.NullPointerException
	at com.mAqua.Setup.ToolInvoke.EnviornmentSetup.deviceEnviornmentSetup(Unknown Source)
	at com.mAqua.Scripts.Sprints.Beforesuit.beforeTest(Unknown Source)
... Removed 23 stack frames]]>
    </failure>
  </testcase> <!-- beforeTest -->
  <testcase name="ForgotPassword" time="0.038" classname="com.mAqua.Scripts.Sprints.Sprint3"/>
  <testcase name="addLocation" time="0.032" classname="com.mAqua.Scripts.Sprints.Sprint3"/>
  <testcase name="Login" time="0.039" classname="com.mAqua.Scripts.Sprints.Sprint2"/>
  <testcase name="addPassword" time="0.089" classname="com.mAqua.Scripts.Sprints.Sprint2"/>
  <testcase name="afterTest" time="0.005" classname="com.mAqua.Scripts.Sprints.AfterSuit"/>
</testsuite> <!-- Test5 -->
