<?xml version="1.0" encoding="UTF-8"?>
<!-- Generated by org.testng.reporters.JUnitXMLReporter -->
<testsuite hostname="unknownNet.local" name="Test1" tests="6" failures="1" timestamp="9 Mar 2015 09:00:40 GMT" time="5.661" errors="0">
  <testcase name="beforeTest" time="0.485" classname="com.mAqua.Scripts.Sprints.Beforesuit">
    <failure type="java.lang.NoSuchMethodError" message="org.openqa.selenium.remote.ErrorHandler.&amp;lt;init&amp;gt;(Lorg/openqa/selenium/remote/ErrorCodes;Z)V">
      <![CDATA[java.lang.NoSuchMethodError: org.openqa.selenium.remote.ErrorHandler.<init>(Lorg/openqa/selenium/remote/ErrorCodes;Z)V
	at io.appium.java_client.AppiumDriver.<clinit>(AppiumDriver.java:41)
	at com.mAqua.Setup.ToolInvoke.AndroidSetup.<init>(Unknown Source)
	at com.mAqua.Setup.ToolInvoke.EnviornmentSetup.deviceEnviornmentSetup(Unknown Source)
	at com.mAqua.Scripts.Sprints.Beforesuit.beforeTest(Unknown Source)
... Removed 23 stack frames]]>
    </failure>
  </testcase> <!-- beforeTest -->
  <testcase name="ForgotPassword" time="1.723" classname="com.mAqua.Scripts.Sprints.Sprint3"/>
  <testcase name="addLocation" time="1.116" classname="com.mAqua.Scripts.Sprints.Sprint3"/>
  <testcase name="Login" time="1.183" classname="com.mAqua.Scripts.Sprints.Sprint2"/>
  <testcase name="addPassword" time="1.126" classname="com.mAqua.Scripts.Sprints.Sprint2"/>
  <testcase name="afterTest" time="0.006" classname="com.mAqua.Scripts.Sprints.AfterSuit"/>
</testsuite> <!-- Test1 -->
