<?xml version="1.0" encoding="UTF-8"?>
<!-- Generated by org.testng.reporters.JUnitXMLReporter -->
<testsuite hostname="shashanks-Mac-mini.local" name="test" tests="1" failures="0" timestamp="27 Oct 2014 10:11:59 GMT" time="0.187" errors="0">
  <testcase name="@BeforeClass beforeTest" time="0.0" classname="com.WJIV.Scripts.Sprints.Sprint3">
    <failure type="java.lang.NullPointerException">
      <![CDATA[java.lang.NullPointerException
	at com.mAqua.Setup.GetAttributes.CreateDataSet.GetData(Unknown Source)
	at com.mAqua.Setup.GetAttributes.SetAttributes.buildData(Unknown Source)
	at com.mAqua.Setup.GetAttributes.SetAttributes.<init>(Unknown Source)
	at com.mAqua.Setup.ToolInvoke.EnviornmentSetup.<init>(Unknown Source)
	at com.WJIV.Scripts.Sprints.Sprint3.beforeTest(Unknown Source)
... Removed 23 stack frames]]>
    </failure>
  </testcase> <!-- @BeforeClass beforeTest -->
  <testcase name="@AfterClass afterTest" time="0.0" classname="com.WJIV.Scripts.Sprints.Sprint3">
    <skipped/>
  </testcase> <!-- @AfterClass afterTest -->
  <testcase name="ForgotPassword" time="0.011" classname="com.WJIV.Scripts.Sprints.Sprint3">
    <skipped/>
  </testcase> <!-- ForgotPassword -->
</testsuite> <!-- test -->
