<?xml version="1.0" encoding="UTF-8"?>
<!-- Generated by org.testng.reporters.JUnitXMLReporter -->
<testsuite hostname="Sambeet-PC" name="test" tests="12" failures="0" timestamp="2 Mar 2015 13:39:19 GMT" time="0.032" errors="0">
  <testcase name="ForgotPassword" time="0.004" classname="com.mAqua.Scripts.Sprints.Sprint3"/>
  <testcase name="ForgotPassword" time="0.0" classname="com.mAqua.Scripts.Sprints.Sprint3"/>
  <testcase name="ForgotPassword" time="0.0" classname="com.mAqua.Scripts.Sprints.Sprint3"/>
  <testcase name="ForgotPassword" time="0.0" classname="com.mAqua.Scripts.Sprints.Sprint3"/>
  <testcase name="ForgotPassword" time="0.001" classname="com.mAqua.Scripts.Sprints.Sprint3"/>
  <testcase name="ForgotPassword" time="0.001" classname="com.mAqua.Scripts.Sprints.Sprint3"/>
  <testcase name="ForgotPassword1" time="0.001" classname="com.mAqua.Scripts.Sprints.Sprint3"/>
  <testcase name="ForgotPassword1" time="0.0" classname="com.mAqua.Scripts.Sprints.Sprint3"/>
  <testcase name="ForgotPassword1" time="0.0" classname="com.mAqua.Scripts.Sprints.Sprint3"/>
  <testcase name="ForgotPassword1" time="0.001" classname="com.mAqua.Scripts.Sprints.Sprint3"/>
  <testcase name="ForgotPassword1" time="0.0" classname="com.mAqua.Scripts.Sprints.Sprint3"/>
  <testcase name="ForgotPassword1" time="0.0" classname="com.mAqua.Scripts.Sprints.Sprint3"/>
</testsuite> <!-- test -->
